13.10.2024, 10:53:13 - INFO - Example app listening on port 3030
13.10.2024, 10:54:24 - INFO - Example app listening on port 3030
13.10.2024, 15:20:13 - INFO - Example app listening on port 3030
13.10.2024, 15:25:37 - INFO - Example app listening on port 3030
13.10.2024, 15:25:51 - INFO - Example app listening on port 3030
13.10.2024, 15:26:09 - INFO - Example app listening on port 3030
13.10.2024, 15:27:38 - INFO - Example app listening on port 3030
13.10.2024, 15:31:01 - INFO - Example app listening on port 3030
13.10.2024, 15:31:19 - INFO - Example app listening on port 3030
13.10.2024, 15:47:20 - INFO - Example app listening on port 3030
13.10.2024, 16:13:53 - INFO - Example app listening on port 3030
13.10.2024, 16:15:35 - INFO - Example app listening on port 3030
16.10.2024, 13:20:16 - INFO - Example app listening on port 3030
16.10.2024, 13:34:19 - INFO - Example app listening on port 3030
16.10.2024, 13:34:41 - INFO - Example app listening on port 3030
16.10.2024, 13:36:26 - INFO - Example app listening on port 3030
16.10.2024, 13:39:57 - INFO - Example app listening on port 3030
16.10.2024, 13:42:01 - INFO - Example app listening on port 3030
16.10.2024, 13:45:48 - INFO - Example app listening on port 3030
16.10.2024, 13:46:17 - INFO - Example app listening on port 3030
16.10.2024, 13:50:04 - INFO - Example app listening on port 3030
16.10.2024, 13:50:36 - INFO - Example app listening on port 3030
16.10.2024, 13:53:22 - INFO - Example app listening on port 3030
16.10.2024, 13:56:01 - INFO - Example app listening on port 3030
16.10.2024, 15:16:16 - INFO - Example app listening on port 3030
16.10.2024, 15:17:08 - INFO - Example app listening on port 3030
16.10.2024, 15:17:25 - INFO - Example app listening on port 3030
16.10.2024, 15:18:30 - INFO - Example app listening on port 3030
16.10.2024, 15:19:45 - INFO - Example app listening on port 3030
16.10.2024, 15:20:02 - INFO - Example app listening on port 3030
16.10.2024, 15:21:01 - INFO - Example app listening on port 3030
16.10.2024, 15:21:13 - ERROR - TypeError: filterBy.toLowerCase is not a function
16.10.2024, 15:22:01 - INFO - Example app listening on port 3030
16.10.2024, 15:22:15 - INFO - Example app listening on port 3030
16.10.2024, 15:22:22 - ERROR - TypeError: filterBy.toLowerCase is not a function
16.10.2024, 15:22:24 - ERROR - TypeError: filterBy.toLowerCase is not a function
16.10.2024, 15:23:12 - INFO - Example app listening on port 3030
16.10.2024, 15:23:17 - ERROR - TypeError: Assignment to constant variable.
16.10.2024, 15:23:47 - INFO - Example app listening on port 3030
16.10.2024, 15:23:50 - ERROR - TypeError: Assignment to constant variable.
16.10.2024, 15:24:11 - INFO - Example app listening on port 3030
16.10.2024, 15:25:43 - INFO - Example app listening on port 3030
16.10.2024, 15:26:04 - INFO - Example app listening on port 3030
16.10.2024, 15:27:30 - INFO - Example app listening on port 3030
16.10.2024, 15:27:31 - INFO - Example app listening on port 3030
16.10.2024, 15:30:32 - INFO - Example app listening on port 3030
16.10.2024, 15:30:38 - ERROR - ReferenceError: search is not defined
16.10.2024, 15:30:55 - INFO - Example app listening on port 3030
16.10.2024, 15:31:00 - ERROR - TypeError: Assignment to constant variable.
16.10.2024, 15:31:59 - INFO - Example app listening on port 3030
16.10.2024, 15:32:32 - INFO - Example app listening on port 3030
16.10.2024, 15:32:49 - INFO - Example app listening on port 3030
16.10.2024, 15:33:13 - INFO - Example app listening on port 3030
16.10.2024, 15:33:45 - INFO - Example app listening on port 3030
17.10.2024, 13:14:23 - INFO - Example app listening on port 3030
17.10.2024, 13:17:55 - INFO - Example app listening on port 3030
17.10.2024, 13:37:38 - INFO - Example app listening on port 3030
17.10.2024, 13:41:49 - INFO - Example app listening on port 3030
17.10.2024, 13:54:39 - INFO - Example app listening on port 3030
17.10.2024, 13:58:18 - INFO - Example app listening on port 3030
17.10.2024, 13:58:52 - INFO - Example app listening on port 3030
17.10.2024, 13:59:23 - ERROR - ReferenceError: search is not defined
17.10.2024, 14:00:48 - INFO - Example app listening on port 3030
17.10.2024, 14:01:38 - INFO - Example app listening on port 3030
17.10.2024, 14:02:35 - INFO - Example app listening on port 3030
17.10.2024, 14:02:38 - INFO - Example app listening on port 3030
17.10.2024, 14:03:42 - INFO - Example app listening on port 3030
17.10.2024, 14:04:03 - INFO - Example app listening on port 3030
17.10.2024, 14:05:11 - INFO - Example app listening on port 3030
17.10.2024, 14:05:37 - INFO - Example app listening on port 3030
17.10.2024, 14:06:40 - INFO - Example app listening on port 3030
17.10.2024, 14:06:58 - INFO - Example app listening on port 3030
17.10.2024, 14:07:31 - INFO - Example app listening on port 3030
17.10.2024, 14:08:38 - INFO - Example app listening on port 3030
17.10.2024, 14:10:13 - INFO - Example app listening on port 3030
17.10.2024, 14:10:15 - INFO - Example app listening on port 3030
17.10.2024, 14:12:05 - INFO - Example app listening on port 3030
17.10.2024, 14:12:17 - INFO - Example app listening on port 3030
17.10.2024, 14:24:02 - INFO - Example app listening on port 3030
17.10.2024, 14:34:01 - INFO - Example app listening on port 3030
17.10.2024, 14:36:37 - INFO - Example app listening on port 3030
17.10.2024, 14:37:49 - INFO - Example app listening on port 3030
17.10.2024, 14:39:22 - INFO - Example app listening on port 3030
17.10.2024, 14:41:04 - INFO - Example app listening on port 3030
17.10.2024, 14:41:42 - INFO - Example app listening on port 3030
17.10.2024, 14:42:16 - INFO - Example app listening on port 3030
17.10.2024, 14:42:30 - INFO - Example app listening on port 3030
17.10.2024, 14:42:56 - INFO - Example app listening on port 3030
17.10.2024, 14:43:24 - INFO - Example app listening on port 3030
17.10.2024, 14:44:40 - INFO - Example app listening on port 3030
17.10.2024, 14:47:59 - INFO - Example app listening on port 3030
17.10.2024, 14:48:00 - INFO - Example app listening on port 3030
17.10.2024, 14:48:18 - INFO - Example app listening on port 3030
17.10.2024, 14:48:43 - INFO - Example app listening on port 3030
17.10.2024, 14:54:31 - INFO - Example app listening on port 3030
17.10.2024, 20:51:37 - INFO - Example app listening on port 3030
17.10.2024, 21:05:48 - INFO - Example app listening on port 3030
17.10.2024, 21:09:10 - INFO - Example app listening on port 3030
17.10.2024, 21:11:15 - INFO - Example app listening on port 3030
17.10.2024, 21:12:12 - INFO - Example app listening on port 3030
17.10.2024, 21:12:52 - INFO - Example app listening on port 3030
17.10.2024, 21:13:08 - INFO - Example app listening on port 3030
17.10.2024, 21:13:58 - INFO - Example app listening on port 3030
17.10.2024, 21:15:01 - INFO - Example app listening on port 3030
17.10.2024, 21:17:49 - INFO - Example app listening on port 3030
17.10.2024, 21:23:40 - INFO - Example app listening on port 3030
17.10.2024, 21:25:47 - INFO - Example app listening on port 3030
17.10.2024, 21:35:55 - INFO - Example app listening on port 3030
17.10.2024, 21:35:55 - INFO - Example app listening on port 3030
17.10.2024, 21:38:40 - INFO - Example app listening on port 3030
17.10.2024, 21:38:55 - INFO - Example app listening on port 3030
17.10.2024, 21:43:22 - INFO - Example app listening on port 3030
17.10.2024, 21:45:07 - INFO - Example app listening on port 3030
17.10.2024, 21:51:01 - INFO - Example app listening on port 3030
17.10.2024, 21:51:09 - INFO - Example app listening on port 3030
17.10.2024, 21:54:31 - INFO - Example app listening on port 3030
17.10.2024, 21:56:38 - INFO - Example app listening on port 3030
17.10.2024, 21:58:15 - INFO - Example app listening on port 3030
17.10.2024, 22:00:00 - INFO - Example app listening on port 3030
17.10.2024, 22:00:25 - INFO - Example app listening on port 3030
17.10.2024, 22:01:17 - INFO - Example app listening on port 3030
17.10.2024, 22:05:58 - INFO - Example app listening on port 3030
17.10.2024, 22:06:23 - INFO - Example app listening on port 3030
17.10.2024, 22:06:26 - INFO - Example app listening on port 3030
17.10.2024, 22:08:15 - INFO - Example app listening on port 3030
17.10.2024, 22:08:39 - INFO - Example app listening on port 3030
17.10.2024, 22:11:25 - ERROR - could not find bug
17.10.2024, 22:13:11 - INFO - Example app listening on port 3030
17.10.2024, 22:13:32 - INFO - Example app listening on port 3030
17.10.2024, 22:14:10 - ERROR - could not find bug
17.10.2024, 22:14:54 - INFO - Example app listening on port 3030
17.10.2024, 22:15:23 - INFO - Example app listening on port 3030
17.10.2024, 22:15:56 - INFO - Example app listening on port 3030
17.10.2024, 22:16:58 - INFO - Example app listening on port 3030
17.10.2024, 22:17:40 - INFO - Example app listening on port 3030
17.10.2024, 22:28:38 - INFO - Example app listening on port 3030
17.10.2024, 22:29:26 - INFO - Example app listening on port 3030
17.10.2024, 22:30:11 - INFO - Example app listening on port 3030
17.10.2024, 22:39:57 - INFO - Example app listening on port 3030
17.10.2024, 22:40:27 - INFO - Example app listening on port 3030
17.10.2024, 22:40:57 - INFO - Example app listening on port 3030
17.10.2024, 22:41:05 - INFO - Example app listening on port 3030
17.10.2024, 22:42:10 - INFO - Example app listening on port 3030
17.10.2024, 22:42:42 - INFO - Example app listening on port 3030
17.10.2024, 22:43:24 - INFO - Example app listening on port 3030
17.10.2024, 22:44:16 - INFO - Example app listening on port 3030
17.10.2024, 22:44:34 - INFO - Example app listening on port 3030
17.10.2024, 22:44:51 - INFO - Example app listening on port 3030
17.10.2024, 22:46:59 - INFO - Example app listening on port 3030
17.10.2024, 22:50:06 - INFO - Example app listening on port 3030
17.10.2024, 22:51:24 - INFO - Example app listening on port 3030
17.10.2024, 23:09:29 - INFO - Example app listening on port 3030
17.10.2024, 23:09:48 - INFO - Example app listening on port 3030
17.10.2024, 23:09:51 - INFO - Example app listening on port 3030
17.10.2024, 23:09:54 - INFO - Example app listening on port 3030
17.10.2024, 23:10:00 - INFO - Example app listening on port 3030
17.10.2024, 23:10:08 - INFO - Example app listening on port 3030
17.10.2024, 23:10:31 - INFO - Example app listening on port 3030
17.10.2024, 23:10:40 - INFO - Example app listening on port 3030
17.10.2024, 23:10:47 - INFO - Example app listening on port 3030
17.10.2024, 23:11:25 - INFO - Example app listening on port 3030
17.10.2024, 23:12:18 - INFO - Example app listening on port 3030
17.10.2024, 23:14:27 - INFO - Example app listening on port 3030
17.10.2024, 23:15:26 - INFO - Example app listening on port 3030
17.10.2024, 23:15:56 - INFO - Example app listening on port 3030
17.10.2024, 23:18:03 - INFO - Example app listening on port 3030
17.10.2024, 23:26:43 - INFO - Example app listening on port 3030
17.10.2024, 23:42:02 - INFO - Example app listening on port 3030
17.10.2024, 23:46:54 - INFO - Example app listening on port 3030
17.10.2024, 23:47:01 - INFO - Example app listening on port 3030
21.10.2024, 17:33:35 - INFO - Example app listening on port 3030
21.10.2024, 17:55:34 - INFO - Example app listening on port 3030
24.10.2024, 13:31:02 - INFO - Example app listening on port 3030
24.10.2024, 13:34:33 - INFO - Example app listening on port 3030
24.10.2024, 13:52:27 - INFO - Example app listening on port 3030
24.10.2024, 13:53:17 - INFO - Example app listening on port 3030
24.10.2024, 13:53:21 - INFO - User login:  | {"_id":"XI97p","fullname":"Muki6 Ja","score":2342342,"isAdmin":false}
24.10.2024, 13:54:01 - INFO - Example app listening on port 3030
24.10.2024, 13:55:58 - INFO - Example app listening on port 3030
24.10.2024, 13:58:31 - INFO - Example app listening on port 3030
24.10.2024, 13:59:19 - INFO - Example app listening on port 3030
24.10.2024, 13:59:23 - DEBUG - trrrrrrrrrrrry me!
24.10.2024, 13:59:23 - ERROR -  Failed to Signup NaN
24.10.2024, 13:59:23 - DEBUG - auth.service - signup with username: trrrrrrrrrrrry me!, fullname: Muki6 Ja
24.10.2024, 14:00:11 - INFO - Example app listening on port 3030
24.10.2024, 14:01:18 - INFO - Example app listening on port 3030
24.10.2024, 14:01:40 - DEBUG - trrrrrrrrrrrry me!
24.10.2024, 14:01:40 - DEBUG - auth.service - signup with username: trrrrrrrrrrrry me!, fullname: Muki6 Ja
24.10.2024, 14:01:40 - INFO - User signup : | {"_id":"XI97p","fullname":"Muki6 Ja","score":2342342,"isAdmin":false}
24.10.2024, 14:01:40 - ERROR - Username already taken
24.10.2024, 14:01:40 - DEBUG - auth.route (controller) - new account:undefined
24.10.2024, 14:04:50 - INFO - Example app listening on port 3030
24.10.2024, 14:04:58 - DEBUG - trrrrrrrrrrrry me!
24.10.2024, 14:04:58 - DEBUG - auth.service - signup with username: trrrrrrrrrrrry me!, fullname: Muki6 Ja
24.10.2024, 14:04:58 - ERROR - Username already taken
24.10.2024, 14:04:58 - ERROR -  Failed to Signup NaN
24.10.2024, 14:06:15 - INFO - Example app listening on port 3030
24.10.2024, 14:06:19 - DEBUG - trrrrrrrrrrrry me!
24.10.2024, 14:06:19 - DEBUG - auth.service - signup with username: trrrrrrrrrrrry me!, fullname: Muki6 Ja
24.10.2024, 14:06:19 - ERROR -  Failed to Signup Username already taken
24.10.2024, 14:06:19 - ERROR - Username already taken
24.10.2024, 14:07:22 - DEBUG - apiAddUser
24.10.2024, 14:07:22 - DEBUG - auth.service - signup with username: apiAddUser, fullname: Mr. Pickles
24.10.2024, 14:07:22 - ERROR - ReferenceError: bcrypt is not defined
24.10.2024, 14:07:22 - ERROR -  Failed to Signup ReferenceError: bcrypt is not defined
24.10.2024, 14:08:49 - INFO - Example app listening on port 3030
24.10.2024, 14:09:10 - INFO - Example app listening on port 3030
24.10.2024, 14:09:12 - INFO - Example app listening on port 3030
24.10.2024, 14:09:18 - DEBUG - apiAddUser
24.10.2024, 14:09:18 - DEBUG - auth.service - signup with username: apiAddUser, fullname: Mr. Pickles
24.10.2024, 14:09:18 - DEBUG - auth.route (controller) - new account:{"username":"apiAddUser","password":"$2b$10$/xNntji26wnCDvGcE6VBuejVIZ/3kSMcc/qVYa5oIAa5AyDBvNTV6","fullname":"Mr. Pickles","_id":"TMzDs","createdAt":1729768158808}
24.10.2024, 14:09:18 - INFO - User signup : | {"_id":"TMzDs","fullname":"Mr. Pickles"}
24.10.2024, 14:19:01 - INFO - Example app listening on port 3030
24.10.2024, 14:21:18 - INFO - Example app listening on port 3030
24.10.2024, 14:21:35 - DEBUG - apiAddUser2
24.10.2024, 14:21:35 - DEBUG - auth.service - signup with username: apiAddUser2, fullname: Mr. Pickles2
24.10.2024, 14:21:35 - ERROR -  Failed to Signup ReferenceError: err is not defined
24.10.2024, 14:22:32 - INFO - Example app listening on port 3030
24.10.2024, 14:22:45 - DEBUG - apiAddUser2
24.10.2024, 14:22:45 - DEBUG - auth.service - signup with username: apiAddUser2, fullname: Mr. Pickles2
24.10.2024, 14:22:45 - ERROR -  Failed to Signup ReferenceError: err is not defined
24.10.2024, 14:24:02 - INFO - Example app listening on port 3030
24.10.2024, 14:24:09 - DEBUG - apiAddUser2
24.10.2024, 14:24:09 - DEBUG - auth.service - signup with username: apiAddUser2, fullname: Mr. Pickles2
24.10.2024, 14:24:09 - ERROR -  Failed to Signup ReferenceError: err is not defined
24.10.2024, 14:25:12 - INFO - Example app listening on port 3030
24.10.2024, 14:25:17 - DEBUG - apiAddUser2
24.10.2024, 14:25:17 - DEBUG - auth.service - signup with username: apiAddUser2, fullname: Mr. Pickles2
24.10.2024, 14:25:17 - ERROR -  Failed to Signup ReferenceError: err is not defined
24.10.2024, 14:26:29 - INFO - Example app listening on port 3030
24.10.2024, 14:26:32 - DEBUG - apiAddUser2
24.10.2024, 14:26:32 - DEBUG - auth.service - signup with username: apiAddUser2, fullname: Mr. Pickles2
24.10.2024, 14:26:32 - ERROR -  Failed to Signup ReferenceError: err is not defined
24.10.2024, 14:27:03 - INFO - Example app listening on port 3030
24.10.2024, 14:27:05 - DEBUG - apiAddUser2
24.10.2024, 14:27:05 - DEBUG - auth.service - signup with username: apiAddUser2, fullname: Mr. Pickles2
24.10.2024, 14:27:05 - ERROR -  Failed to Signup ReferenceError: err is not defined
24.10.2024, 14:27:54 - INFO - Example app listening on port 3030
24.10.2024, 14:27:59 - DEBUG - apiAddUser2
24.10.2024, 14:27:59 - DEBUG - auth.service - signup with username: apiAddUser2, fullname: Mr. Pickles2
24.10.2024, 14:27:59 - ERROR -  Failed to Signup ReferenceError: err is not defined
24.10.2024, 14:28:10 - INFO - Example app listening on port 3030
24.10.2024, 14:28:28 - INFO - Example app listening on port 3030
24.10.2024, 14:28:33 - INFO - User login:  | {"_id":"XI97p","fullname":"Muki6 Ja","score":2342342,"isAdmin":false}
24.10.2024, 14:28:41 - DEBUG - apiAddUser2
24.10.2024, 14:28:41 - DEBUG - auth.service - signup with username: apiAddUser2, fullname: Mr. Pickles2
24.10.2024, 14:28:41 - DEBUG - auth.route (controller) - new account:{"username":"apiAddUser2","password":"$2b$10$IhcADoDpO/Mc.a021ZXAR.OLOG4Bz6Mj.7Fl6/aFRk0MQRyYHUD3m","fullname":"Mr. Pickles2"}
24.10.2024, 14:28:41 - INFO - User signup : | {"_id":"yxsiU","fullname":"Mr. Pickles2"}
24.10.2024, 14:29:24 - INFO - Example app listening on port 3030
24.10.2024, 14:29:26 - DEBUG - auth.service - signup with username: apiAddUser3, fullname: Mr. Pickles3
24.10.2024, 14:29:26 - DEBUG - apiAddUser3
24.10.2024, 14:29:26 - ERROR -  Failed to Signup ReferenceError: err is not defined
24.10.2024, 14:30:07 - INFO - Example app listening on port 3030
24.10.2024, 14:30:13 - DEBUG - apiAddUser3
24.10.2024, 14:30:13 - DEBUG - auth.service - signup with username: apiAddUser3, fullname: Mr. Pickles3
24.10.2024, 14:30:13 - DEBUG - auth.route (controller) - new account:{"username":"apiAddUser3","password":"$2b$10$ZLiKaqxWX7zRn682u1h4re.vShzK0UD9Dl8u2JjeTcPxrvpXCkTwS","fullname":"Mr. Pickles3"}
24.10.2024, 14:30:13 - INFO - User signup : | {"_id":"AtZ0x","fullname":"Mr. Pickles3","score":10000,"isAdmin":false}
27.10.2024, 7:50:54 - INFO - Example app listening on port 3030
27.10.2024, 8:05:06 - INFO - Example app listening on port 3030
27.10.2024, 8:40:35 - INFO - User login:  | {"_id":"XI97p","fullname":"Muki6 Ja","score":2342342,"isAdmin":false}
27.10.2024, 8:51:18 - INFO - User login:  | {"_id":"XI97p","fullname":"Muki6 Ja","score":2342342,"isAdmin":false}
27.10.2024, 8:54:46 - INFO - Example app listening on port 3030
27.10.2024, 8:54:49 - INFO - User login:  | {"_id":"XI97p","fullname":"Muki6 Ja","img":"https://m.media-amazon.com/images/I/91ZhFnr13LL.png","score":2342342,"isAdmin":false}
27.10.2024, 12:37:13 - INFO - User login:  | {"_id":"XI97p","fullname":"Muki6 Ja","img":"https://m.media-amazon.com/images/I/91ZhFnr13LL.png","score":2342342,"isAdmin":false}
27.10.2024, 12:44:43 - INFO - Example app listening on port 3030
27.10.2024, 12:44:47 - INFO - User login:  | {"_id":"XI97p","fullname":"Muki6 Ja","img":"https://m.media-amazon.com/images/I/91ZhFnr13LL.png","score":2342342,"isAdmin":false}
27.10.2024, 12:45:06 - INFO - Example app listening on port 3030
27.10.2024, 12:46:33 - INFO - Example app listening on port 3030
27.10.2024, 12:46:38 - INFO - User login:  | {"_id":"XI97p","fullname":"Muki6 Ja","img":"https://m.media-amazon.com/images/I/91ZhFnr13LL.png","score":2342342,"isAdmin":false}
27.10.2024, 12:47:15 - INFO - Example app listening on port 3030
27.10.2024, 12:48:19 - INFO - User login:  | {"_id":"XI97p","fullname":"Muki6 Ja","img":"https://m.media-amazon.com/images/I/91ZhFnr13LL.png","score":2342342,"isAdmin":false}
27.10.2024, 12:49:45 - INFO - Example app listening on port 3030
27.10.2024, 12:50:32 - INFO - User login:  | {"_id":"XI97p","fullname":"Muki6 Ja","img":"https://m.media-amazon.com/images/I/91ZhFnr13LL.png","score":2342342,"isAdmin":false}
27.10.2024, 12:50:35 - DEBUG - user logged out
27.10.2024, 12:51:18 - INFO - Example app listening on port 3030
27.10.2024, 12:51:22 - INFO - User login:  | {"_id":"XI97p","fullname":"Muki6 Ja","img":"https://m.media-amazon.com/images/I/91ZhFnr13LL.png","score":2342342,"isAdmin":false}
27.10.2024, 12:51:25 - DEBUG - user logged out
27.10.2024, 13:44:47 - DEBUG - user logged out
27.10.2024, 13:44:49 - DEBUG - user logged out
27.10.2024, 13:44:49 - DEBUG - user logged out
27.10.2024, 13:45:01 - DEBUG - user logged out
27.10.2024, 13:58:54 - INFO - Example app listening on port 3030
27.10.2024, 13:59:33 - DEBUG - user logged out
27.10.2024, 14:45:39 - INFO - Example app listening on port 3030
27.10.2024, 14:47:27 - DEBUG - ksdnfkdslndsf
27.10.2024, 14:47:27 - DEBUG - auth.service - signup with username: ksdnfkdslndsf, fullname: aviavi
27.10.2024, 14:47:27 - INFO - User signup : | {"_id":"9GJrf","fullname":"aviavi","img":"","score":10000,"isAdmin":false}
27.10.2024, 14:47:27 - DEBUG - auth.route (controller) - new account:{"username":"ksdnfkdslndsf","password":"$2b$10$FOeXILzR1JepRh8HQdL4xOFz5HdAwFR0AWSyST01RcD72nBzw8IQe","fullname":"aviavi"}
27.10.2024, 14:49:11 - DEBUG - sdsddsdsf
27.10.2024, 14:49:11 - DEBUG - auth.service - signup with username: sdsddsdsf, fullname: aviavi
27.10.2024, 14:49:11 - DEBUG - auth.route (controller) - new account:{"username":"sdsddsdsf","password":"$2b$10$Oao/Ym3pD3fKEE9sdadGkegLVpmlepDuGRl1nSBd.aqFPjXuxbBbm","fullname":"aviavi"}
27.10.2024, 14:49:11 - INFO - User signup : | {"_id":"0rYUe","fullname":"aviavi","img":"","score":10000,"isAdmin":false}
27.10.2024, 14:51:52 - DEBUG - apiUser
27.10.2024, 14:51:52 - DEBUG - auth.service - signup with username: apiUser, fullname: very pleasent user
27.10.2024, 14:51:52 - DEBUG - auth.route (controller) - new account:{"username":"apiUser","password":"$2b$10$mb59oezJDOvaY.3azKy8nughA9Wu92wppRUIL47T29Fhs0WAa5eIS","fullname":"very pleasent user"}
27.10.2024, 14:51:52 - INFO - User signup : | {"_id":"DvGDP","fullname":"very pleasent user","img":"","score":10000,"isAdmin":false}
27.10.2024, 14:54:17 - DEBUG - dsfdsfdsfsfds
27.10.2024, 14:54:17 - DEBUG - auth.service - signup with username: dsfdsfdsfsfds, fullname: lopsi
27.10.2024, 14:54:17 - INFO - User signup : | {"_id":"v5TkA","fullname":"lopsi","img":"","score":10000,"isAdmin":false}
27.10.2024, 14:54:17 - DEBUG - auth.route (controller) - new account:{"username":"dsfdsfdsfsfds","password":"$2b$10$Y.ZJRHg7AbwZp3sIPgULN.wJqkgnw1PZhSnHlndVtbqnd8Do42vUS","fullname":"lopsi"}
27.10.2024, 14:57:03 - DEBUG - user logged out
27.10.2024, 14:57:10 - DEBUG - dsfdsfdsfsfds
27.10.2024, 14:57:10 - DEBUG - auth.service - signup with username: dsfdsfdsfsfds, fullname: lopsi2
27.10.2024, 14:57:10 - ERROR - Username already taken
27.10.2024, 14:57:10 - ERROR -  Failed to Signup Username already taken
27.10.2024, 15:01:49 - DEBUG - dsfdsfdsfsfds
27.10.2024, 15:01:49 - DEBUG - auth.service - signup with username: dsfdsfdsfsfds, fullname: lopsi2
27.10.2024, 15:01:49 - ERROR -  Failed to Signup Username already taken
27.10.2024, 15:01:49 - ERROR - Username already taken
27.10.2024, 15:02:17 - DEBUG - auth.service - signup with username: dsfdsfdsfsfds, fullname: lopsi2
27.10.2024, 15:02:17 - DEBUG - dsfdsfdsfsfds
27.10.2024, 15:02:17 - ERROR - Username already taken
27.10.2024, 15:02:17 - ERROR -  Failed to Signup Username already taken
27.10.2024, 15:04:02 - DEBUG - dsfdsfdsfsfds
27.10.2024, 15:04:02 - DEBUG - auth.service - signup with username: dsfdsfdsfsfds, fullname: lopsi2
27.10.2024, 15:04:02 - ERROR - Username already taken
27.10.2024, 15:04:02 - ERROR -  Failed to Signup Username already taken
27.10.2024, 15:04:30 - INFO - Example app listening on port 3030
27.10.2024, 15:04:34 - DEBUG - dsfdsfdsfsfds
27.10.2024, 15:04:34 - ERROR - Username already taken
27.10.2024, 15:04:34 - DEBUG - auth.service - signup with username: dsfdsfdsfsfds, fullname: lopsi2
27.10.2024, 15:04:34 - ERROR -  Failed to Signup Username already taken
27.10.2024, 15:07:04 - INFO - Example app listening on port 3030
27.10.2024, 15:07:09 - DEBUG - dsfdsfdsfsfds
27.10.2024, 15:07:09 - DEBUG - auth.service - signup with username: dsfdsfdsfsfds, fullname: lopsi2
27.10.2024, 15:07:09 - ERROR - Username already taken
27.10.2024, 15:07:09 - ERROR -  Failed to Signup Username already taken
27.10.2024, 15:08:51 - INFO - Example app listening on port 3030
27.10.2024, 15:08:56 - DEBUG - auth.service - signup with username: dsfdsfdsfsfds, fullname: lopsi2
27.10.2024, 15:08:56 - DEBUG - dsfdsfdsfsfds
27.10.2024, 15:08:56 - ERROR -  Failed to Signup Username already taken
27.10.2024, 15:08:56 - ERROR - Username already taken
27.10.2024, 15:10:33 - INFO - Example app listening on port 3030
27.10.2024, 15:10:37 - ERROR - Username already taken
27.10.2024, 15:10:37 - DEBUG - auth.service - signup with username: dsfdsfdsfsfds, fullname: lopsi2
27.10.2024, 15:10:37 - DEBUG - dsfdsfdsfsfds
27.10.2024, 15:10:37 - ERROR -  Failed to Signup Username already taken
27.10.2024, 15:11:15 - DEBUG - testing in progress
27.10.2024, 15:11:15 - DEBUG - auth.service - signup with username: testing in progress, fullname: tester choice
27.10.2024, 15:11:15 - DEBUG - auth.route (controller) - new account:{"username":"testing in progress","password":"$2b$10$xVwjKi4Bk/bCyiXF2yYJU.MzSWIxTaxZlhLHt84ZWUqmnqo6VD7vy","fullname":"tester choice"}
27.10.2024, 15:11:15 - INFO - User signup : | {"_id":"BpRWL","fullname":"tester choice","img":"","score":10000,"isAdmin":false}
27.10.2024, 15:11:20 - DEBUG - user logged out
27.10.2024, 15:11:26 - DEBUG - testing in progress2
27.10.2024, 15:11:26 - DEBUG - auth.service - signup with username: testing in progress2, fullname: tester choice
27.10.2024, 15:11:26 - DEBUG - auth.route (controller) - new account:{"username":"testing in progress2","password":"$2b$10$Yok1y.PXk6aEtiNkuWvI5Oba1Fqhd1tcmI0OoOr242mDKxaph/642","fullname":"tester choice"}
27.10.2024, 15:11:26 - INFO - User signup : | {"_id":"VA4fv","fullname":"tester choice","img":"","score":10000,"isAdmin":false}
27.10.2024, 15:11:32 - DEBUG - user logged out
27.10.2024, 15:11:38 - DEBUG - testing in progress2
27.10.2024, 15:11:38 - DEBUG - auth.service - signup with username: testing in progress2, fullname: tester choice2
27.10.2024, 15:11:38 - ERROR -  Failed to Signup Username already taken
27.10.2024, 15:11:38 - ERROR - Username already taken
27.10.2024, 15:17:32 - DEBUG - auth.service - signup with username: testing in progress3, fullname: tester choice3
27.10.2024, 15:17:32 - DEBUG - testing in progress3
27.10.2024, 15:17:32 - DEBUG - auth.route (controller) - new account:{"username":"testing in progress3","password":"$2b$10$Dat12H4bvCSwZ7FHT7ut8OxpUPMupn/fKvMkyS/tflr9s5otmDjz6","fullname":"tester choice3"}
27.10.2024, 15:17:32 - INFO - User signup : | {"_id":"Skmra","fullname":"tester choice3","img":"","score":10000,"isAdmin":false}
27.10.2024, 15:18:52 - DEBUG - user logged out
27.10.2024, 15:18:57 - DEBUG - testing in progress4
27.10.2024, 15:18:57 - DEBUG - auth.service - signup with username: testing in progress4, fullname: tester choice4
27.10.2024, 15:18:58 - DEBUG - auth.route (controller) - new account:{"username":"testing in progress4","password":"$2b$10$ncAU5x.eexgLbj9vK0UnuetkO4n9BzzvROcAaCSwDF5auROzKpEmW","fullname":"tester choice4"}
27.10.2024, 15:18:58 - INFO - User signup : | {"_id":"A42FW","fullname":"tester choice4","img":"","score":10000,"isAdmin":false}
27.10.2024, 21:18:44 - INFO - Example app listening on port 3030
27.10.2024, 21:19:29 - INFO - Example app listening on port 3030
27.10.2024, 21:23:14 - DEBUG - user logged out
27.10.2024, 21:37:12 - INFO - Example app listening on port 3030
27.10.2024, 21:38:11 - INFO - Example app listening on port 3030
27.10.2024, 21:38:35 - INFO - Example app listening on port 3030
27.10.2024, 21:39:33 - INFO - Example app listening on port 3030
27.10.2024, 21:44:10 - INFO - Example app listening on port 3030
27.10.2024, 21:45:18 - INFO - Example app listening on port 3030
27.10.2024, 21:46:36 - INFO - Example app listening on port 3030
27.10.2024, 21:47:01 - INFO - Example app listening on port 3030
27.10.2024, 21:48:18 - INFO - Example app listening on port 3030
27.10.2024, 21:48:35 - DEBUG - Invalid login token 
27.10.2024, 21:48:35 - ERROR - bad loggedinToken sent: undefined
27.10.2024, 21:49:42 - INFO - Example app listening on port 3030
27.10.2024, 21:50:42 - INFO - User login:  | {"_id":"XI97p","fullname":"Muki6 Ja","img":"https://m.media-amazon.com/images/I/91ZhFnr13LL.png","score":2342342,"isAdmin":false}
27.10.2024, 21:50:55 - DEBUG - Invalid login token 
27.10.2024, 21:50:55 - ERROR - bad loggedinToken sent: undefined
27.10.2024, 21:52:17 - INFO - Example app listening on port 3030
27.10.2024, 21:52:24 - DEBUG - Invalid login token 
27.10.2024, 21:52:24 - ERROR - bad loggedinToken sent: undefined
27.10.2024, 21:52:57 - INFO - Example app listening on port 3030
27.10.2024, 21:53:55 - INFO - Example app listening on port 3030
27.10.2024, 21:54:01 - DEBUG - Invalid login token 
27.10.2024, 21:54:01 - ERROR - bad loggedinToken sent: undefined
27.10.2024, 21:55:57 - DEBUG - Invalid login token 
27.10.2024, 21:55:57 - ERROR - bad loggedinToken sent: undefined
27.10.2024, 21:57:28 - INFO - Example app listening on port 3030
27.10.2024, 21:57:34 - DEBUG - Invalid login token 
27.10.2024, 21:57:34 - ERROR - bad loggedinToken sent: undefined
27.10.2024, 21:57:50 - INFO - Example app listening on port 3030
27.10.2024, 21:58:03 - DEBUG - Invalid login token 
27.10.2024, 21:58:03 - ERROR - bad loggedinToken sent: undefined
27.10.2024, 21:58:26 - INFO - Example app listening on port 3030
27.10.2024, 21:58:33 - DEBUG - Invalid login token 
27.10.2024, 21:58:33 - ERROR - bad loggedinToken sent: undefined
27.10.2024, 21:59:37 - INFO - Example app listening on port 3030
27.10.2024, 22:04:46 - INFO - Example app listening on port 3030
27.10.2024, 22:04:50 - DEBUG - user logged out
27.10.2024, 22:05:06 - INFO - User login:  | {"_id":"XI97p","fullname":"Muki6 Ja","img":"https://m.media-amazon.com/images/I/91ZhFnr13LL.png","score":2342342,"isAdmin":false}
27.10.2024, 22:06:14 - DEBUG - Invalid login token 
27.10.2024, 22:06:14 - ERROR - bad loginToken sent: [object Object]
27.10.2024, 22:12:47 - DEBUG - Invalid login token 
27.10.2024, 22:12:47 - ERROR - bad loginToken sent: undefined
27.10.2024, 22:16:34 - INFO - Example app listening on port 3030
27.10.2024, 22:16:37 - DEBUG - user logged out
27.10.2024, 22:16:40 - INFO - User login:  | {"_id":"XI97p","fullname":"Muki6 Ja","img":"https://m.media-amazon.com/images/I/91ZhFnr13LL.png","score":2342342,"isAdmin":false}
27.10.2024, 22:17:49 - INFO - Example app listening on port 3030
27.10.2024, 22:17:56 - INFO - Example app listening on port 3030
27.10.2024, 22:18:00 - DEBUG - user logged out
27.10.2024, 22:18:01 - INFO - User login:  | {"_id":"XI97p","fullname":"Muki6 Ja","img":"https://m.media-amazon.com/images/I/91ZhFnr13LL.png","score":2342342,"isAdmin":false}
27.10.2024, 22:18:46 - INFO - Example app listening on port 3030
27.10.2024, 22:19:53 - INFO - Example app listening on port 3030
27.10.2024, 22:20:32 - INFO - Example app listening on port 3030
27.10.2024, 22:20:36 - DEBUG - user logged out
27.10.2024, 22:20:37 - INFO - User login:  | {"_id":"XI97p","fullname":"Muki6 Ja","img":"https://m.media-amazon.com/images/I/91ZhFnr13LL.png","score":2342342,"isAdmin":false}
27.10.2024, 22:21:58 - INFO - Example app listening on port 3030
27.10.2024, 22:25:37 - INFO - Example app listening on port 3030
27.10.2024, 22:27:58 - INFO - Example app listening on port 3030
27.10.2024, 22:27:59 - INFO - Example app listening on port 3030
27.10.2024, 23:55:17 - INFO - Example app listening on port 3030
27.10.2024, 23:55:40 - INFO - Example app listening on port 3030
27.10.2024, 23:55:51 - INFO - Example app listening on port 3030
27.10.2024, 23:58:20 - INFO - Example app listening on port 3030
28.10.2024, 0:00:29 - DEBUG - user logged out
28.10.2024, 0:00:34 - INFO - User login:  | {"_id":"2VMIh","img":"https://www.klenty.com/blog/wp-content/uploads/2023/11/sales-memes-from-the-office.webp","score":null,"isAdmin":false}
28.10.2024, 0:02:05 - DEBUG - user logged out
28.10.2024, 0:02:19 - INFO - User login:  | {"_id":"XI97p","fullname":"Muki6 Ja","img":"https://m.media-amazon.com/images/I/91ZhFnr13LL.png","score":2342342,"isAdmin":false}
28.10.2024, 0:04:00 - DEBUG - Invalid login token 
28.10.2024, 0:04:00 - ERROR - bad loginToken sent: undefined
28.10.2024, 0:05:00 - INFO - Example app listening on port 3030
28.10.2024, 0:05:05 - ERROR - removeBug failed: could not remove bug
28.10.2024, 0:05:57 - INFO - Example app listening on port 3030
28.10.2024, 0:06:03 - ERROR - removeBug failed: TypeError: Cannot read properties of undefined (reading '_id')
28.10.2024, 0:06:55 - INFO - Example app listening on port 3030
28.10.2024, 0:06:58 - ERROR - removeBug failed: TypeError: Cannot read properties of undefined (reading '_id')
28.10.2024, 0:08:08 - INFO - Example app listening on port 3030
28.10.2024, 0:08:35 - ERROR - removeBug failed: TypeError: Cannot read properties of undefined (reading '_id')
28.10.2024, 0:09:27 - INFO - Example app listening on port 3030
28.10.2024, 0:10:54 - INFO - Example app listening on port 3030
28.10.2024, 0:12:18 - INFO - Example app listening on port 3030
28.10.2024, 0:14:53 - INFO - Example app listening on port 3030
28.10.2024, 0:18:21 - INFO - Example app listening on port 3030
28.10.2024, 0:19:33 - INFO - Example app listening on port 3030
28.10.2024, 0:22:25 - INFO - Example app listening on port 3030
28.10.2024, 0:22:58 - INFO - Example app listening on port 3030
28.10.2024, 0:56:44 - DEBUG - user logged out
28.10.2024, 0:56:49 - INFO - User login:  | {"_id":"2VMIh","img":"https://www.klenty.com/blog/wp-content/uploads/2023/11/sales-memes-from-the-office.webp","score":null,"isAdmin":false}
28.10.2024, 1:05:21 - DEBUG - user logged out
28.10.2024, 1:05:42 - INFO - User login:  | {"_id":"XI97p","fullname":"Muki6 Ja","img":"https://m.media-amazon.com/images/I/91ZhFnr13LL.png","score":2342342,"isAdmin":false}
28.10.2024, 1:13:02 - DEBUG - user logged out
28.10.2024, 1:13:14 - INFO - User login:  | {"_id":"XI97p","fullname":"Muki6 Ja","img":"https://m.media-amazon.com/images/I/91ZhFnr13LL.png","score":2342342,"isAdmin":false}
28.10.2024, 1:13:19 - DEBUG - user logged out
28.10.2024, 1:13:43 - DEBUG - trrrrrrrrrrrry me2!
28.10.2024, 1:13:43 - DEBUG - auth.service - signup with username: trrrrrrrrrrrry me2!, fullname: i am mr pickles!
28.10.2024, 1:13:43 - INFO - User signup : | {"_id":"tKjvk","fullname":"i am mr pickles!","img":"","score":10000,"isAdmin":false}
28.10.2024, 1:13:43 - DEBUG - auth.route (controller) - new account:{"username":"trrrrrrrrrrrry me2!","password":"$2b$10$3.Acr0Cea1N.zEjje5GVcuujsWFdxOSsBlY1sPMhiErHN4/D/CuGu","fullname":"i am mr pickles!"}
28.10.2024, 8:50:28 - INFO - Example app listening on port 3030
28.10.2024, 8:57:42 - INFO - Example app listening on port 3030
28.10.2024, 8:57:46 - INFO - Example app listening on port 3030
28.10.2024, 9:01:32 - INFO - Example app listening on port 3030
28.10.2024, 9:02:25 - INFO - Example app listening on port 3030
28.10.2024, 9:02:32 - INFO - visited route /logout
28.10.2024, 9:02:32 - DEBUG - user logged out
28.10.2024, 9:03:30 - INFO - Example app listening on port 3030
28.10.2024, 9:05:45 - INFO - Example app listening on port 3030
28.10.2024, 9:05:59 - INFO - Example app listening on port 3030
28.10.2024, 9:07:27 - INFO - Example app listening on port 3030
28.10.2024, 9:08:43 - INFO - Example app listening on port 3030
28.10.2024, 9:10:52 - INFO - Example app listening on port 3030
28.10.2024, 9:12:04 - INFO - Example app listening on port 3030
28.10.2024, 9:13:44 - DEBUG - Invalid login token 
28.10.2024, 9:14:40 - INFO - User login:  | {"_id":"XI97p","fullname":"Muki6 Ja","img":"https://m.media-amazon.com/images/I/91ZhFnr13LL.png","score":2342342,"isAdmin":false}
28.10.2024, 9:14:40 - INFO - visited route /login
28.10.2024, 9:16:39 - INFO - Example app listening on port 3030
28.10.2024, 9:16:39 - INFO - Example app listening on port 3030
28.10.2024, 9:37:41 - INFO - visited route /logout
28.10.2024, 9:37:41 - DEBUG - user logged out
28.10.2024, 9:37:48 - INFO - visited route /login
28.10.2024, 9:37:48 - INFO - User login:  | {"_id":"XI97p","fullname":"Muki6 Ja","img":"https://m.media-amazon.com/images/I/91ZhFnr13LL.png","score":2342342,"isAdmin":false}
28.10.2024, 9:38:08 - INFO - visited route /logout
28.10.2024, 9:38:08 - DEBUG - user logged out
28.10.2024, 9:38:17 - INFO - User login:  | {"_id":"2VMIh","img":"https://www.klenty.com/blog/wp-content/uploads/2023/11/sales-memes-from-the-office.webp","score":null,"isAdmin":false}
28.10.2024, 9:38:17 - INFO - visited route /login
28.10.2024, 9:46:50 - INFO - Example app listening on port 3030
28.10.2024, 9:47:02 - INFO - Example app listening on port 3030
28.10.2024, 9:49:55 - INFO - Example app listening on port 3030
28.10.2024, 10:32:04 - INFO - Example app listening on port 3030
28.10.2024, 10:32:31 - INFO - visited route /logout
28.10.2024, 10:32:31 - DEBUG - user logged out
28.10.2024, 10:32:46 - INFO - visited route /signup
28.10.2024, 10:32:46 - DEBUG - testing user encypt
28.10.2024, 10:32:46 - DEBUG - auth.service - signup with username: testing user encypt, fullname: testing
28.10.2024, 10:32:46 - DEBUG - auth.route (controller) - new account:{"username":"testing user encypt","password":"$2b$10$Evgjv2lULUgdA3AGJMhZjeGNuy1T7Wv8AqUacgh40MwQ28ERx5fii","fullname":"testing"}
28.10.2024, 10:32:46 - INFO - User signup : | {"_id":"IqL13","fullname":"testing","img":"","score":10000,"isAdmin":false}
